starting LIGGGHTS memory optimized parallel post processing
chunksize: 8 --> 8 files are processed per chunk. If you run out of memory reduce chunksize.
number of process: 9514
Working with 8 processes...
dumpInput: [{'filelist': ['particles_0.liggghts', 'particles_1000.liggghts', 'particles_10000.liggghts', 'particles_10500.liggghts', 'particles_11000.liggghts', 'particles_11500.liggghts', 'particles_12000.liggghts', 'particles_12500.liggghts'], 'debugMode': True, 'output': '', 'overwrite': True, 'timesteps': 'all', 'Nth': 1}, {'filelist': ['particles_13000.liggghts', 'particles_13500.liggghts', 'particles_14000.liggghts', 'particles_14500.liggghts', 'particles_1500.liggghts', 'particles_15000.liggghts', 'particles_15500.liggghts', 'particles_16000.liggghts'], 'debugMode': True, 'output': '', 'overwrite': True, 'timesteps': 'all', 'Nth': 1}, {'filelist': ['particles_16500.liggghts', 'particles_17000.liggghts', 'particles_17500.liggghts', 'particles_18000.liggghts', 'particles_18500.liggghts', 'particles_19000.liggghts', 'particles_19500.liggghts', 'particles_2000.liggghts'], 'debugMode': True, 'output': '', 'overwrite': True, 'timesteps': 'all', 'Nth': 1}, {'filelist': ['particles_20000.liggghts', 'particles_20500.liggghts', 'particles_21000.liggghts', 'particles_21500.liggghts', 'particles_22000.liggghts', 'particles_22500.liggghts', 'particles_23000.liggghts', 'particles_23500.liggghts'], 'debugMode': True, 'output': '', 'overwrite': True, 'timesteps': 'all', 'Nth': 1}, {'filelist': ['particles_24000.liggghts', 'particles_24500.liggghts', 'particles_2500.liggghts', 'particles_25000.liggghts', 'particles_25500.liggghts', 'particles_26000.liggghts', 'particles_26500.liggghts', 'particles_27000.liggghts'], 'debugMode': True, 'output': '', 'overwrite': True, 'timesteps': 'all', 'Nth': 1}, {'filelist': ['particles_27500.liggghts', 'particles_28000.liggghts', 'particles_28500.liggghts', 'particles_29000.liggghts', 'particles_29500.liggghts', 'particles_3000.liggghts', 'particles_30000.liggghts', 'particles_30500.liggghts'], 'debugMode': True, 'output': '', 'overwrite': True, 'timesteps': 'all', 'Nth': 1}, {'filelist': ['particles_31000.liggghts', 'particles_31500.liggghts', 'particles_32000.liggghts', 'particles_32500.liggghts', 'particles_33000.liggghts', 'particles_33500.liggghts', 'particles_34000.liggghts', 'particles_34500.liggghts'], 'debugMode': True, 'output': '', 'overwrite': True, 'timesteps': 'all', 'Nth': 1}, {'filelist': ['particles_3500.liggghts', 'particles_35000.liggghts', 'particles_35500.liggghts', 'particles_36000.liggghts', 'particles_36500.liggghts', 'particles_37000.liggghts', 'particles_37500.liggghts', 'particles_38000.liggghts'], 'debugMode': True, 'output': '', 'overwrite': True, 'timesteps': 'all', 'Nth': 1}, {'filelist': ['particles_38500.liggghts', 'particles_39000.liggghts', 'particles_39500.liggghts', 'particles_4000.liggghts', 'particles_40000.liggghts', 'particles_40500.liggghts', 'particles_41000.liggghts', 'particles_41500.liggghts'], 'debugMode': True, 'output': '', 'overwrite': True, 'timesteps': 'all', 'Nth': 1}, {'filelist': ['particles_42000.liggghts', 'particles_42500.liggghts', 'particles_43000.liggghts', 'particles_43500.liggghts', 'particles_44000.liggghts', 'particles_44500.liggghts', 'particles_4500.liggghts', 'particles_45000.liggghts'], 'debugMode': True, 'output': '', 'overwrite': True, 'timesteps': 'all', 'Nth': 1}, {'filelist': ['particles_45500.liggghts', 'particles_46000.liggghts', 'particles_46500.liggghts', 'particles_47000.liggghts', 'particles_47500.liggghts', 'particles_48000.liggghts', 'particles_48500.liggghts', 'particles_49000.liggghts'], 'debugMode': True, 'output': '', 'overwrite': True, 'timesteps': 'all', 'Nth': 1}, {'filelist': ['particles_49500.liggghts', 'particles_500.liggghts', 'particles_5000.liggghts', 'particles_50000.liggghts', 'particles_5500.liggghts', 'particles_6000.liggghts', 'particles_6500.liggghts', 'particles_7000.liggghts'], 'debugMode': True, 'output': '', 'overwrite': True, 'timesteps': 'all', 'Nth': 1}, {'filelist': ['particles_7500.liggghts', 'particles_8000.liggghts', 'particles_8500.liggghts', 'particles_9000.liggghts', 'particles_9500.liggghts'], 'debugMode': True, 'output': '', 'overwrite': True, 'timesteps': 'all', 'Nth': 1}]
calculating chunks 1 - 8 of 13
input of this "map":  [{'filelist': ['particles_0.liggghts', 'particles_1000.liggghts', 'particles_10000.liggghts', 'particles_10500.liggghts', 'particles_11000.liggghts', 'particles_11500.liggghts', 'particles_12000.liggghts', 'particles_12500.liggghts'], 'debugMode': True, 'output': '', 'overwrite': True, 'timesteps': 'all', 'Nth': 1}, {'filelist': ['particles_13000.liggghts', 'particles_13500.liggghts', 'particles_14000.liggghts', 'particles_14500.liggghts', 'particles_1500.liggghts', 'particles_15000.liggghts', 'particles_15500.liggghts', 'particles_16000.liggghts'], 'debugMode': True, 'output': '', 'overwrite': True, 'timesteps': 'all', 'Nth': 1}, {'filelist': ['particles_16500.liggghts', 'particles_17000.liggghts', 'particles_17500.liggghts', 'particles_18000.liggghts', 'particles_18500.liggghts', 'particles_19000.liggghts', 'particles_19500.liggghts', 'particles_2000.liggghts'], 'debugMode': True, 'output': '', 'overwrite': True, 'timesteps': 'all', 'Nth': 1}, {'filelist': ['particles_20000.liggghts', 'particles_20500.liggghts', 'particles_21000.liggghts', 'particles_21500.liggghts', 'particles_22000.liggghts', 'particles_22500.liggghts', 'particles_23000.liggghts', 'particles_23500.liggghts'], 'debugMode': True, 'output': '', 'overwrite': True, 'timesteps': 'all', 'Nth': 1}, {'filelist': ['particles_24000.liggghts', 'particles_24500.liggghts', 'particles_2500.liggghts', 'particles_25000.liggghts', 'particles_25500.liggghts', 'particles_26000.liggghts', 'particles_26500.liggghts', 'particles_27000.liggghts'], 'debugMode': True, 'output': '', 'overwrite': True, 'timesteps': 'all', 'Nth': 1}, {'filelist': ['particles_27500.liggghts', 'particles_28000.liggghts', 'particles_28500.liggghts', 'particles_29000.liggghts', 'particles_29500.liggghts', 'particles_3000.liggghts', 'particles_30000.liggghts', 'particles_30500.liggghts'], 'debugMode': True, 'output': '', 'overwrite': True, 'timesteps': 'all', 'Nth': 1}, {'filelist': ['particles_31000.liggghts', 'particles_31500.liggghts', 'particles_32000.liggghts', 'particles_32500.liggghts', 'particles_33000.liggghts', 'particles_33500.liggghts', 'particles_34000.liggghts', 'particles_34500.liggghts'], 'debugMode': True, 'output': '', 'overwrite': True, 'timesteps': 'all', 'Nth': 1}, {'filelist': ['particles_3500.liggghts', 'particles_35000.liggghts', 'particles_35500.liggghts', 'particles_36000.liggghts', 'particles_36500.liggghts', 'particles_37000.liggghts', 'particles_37500.liggghts', 'particles_38000.liggghts'], 'debugMode': True, 'output': '', 'overwrite': True, 'timesteps': 'all', 'Nth': 1}]
shortFlist== particles_0.liggghts
shortFlist== particles_1000.liggghts
shortFlist== particles_10000.liggghts
shortFlist== particles_10500.liggghts
shortFlist== particles_11000.liggghts
shortFlist== particles_11500.liggghts
shortFlist== particles_12000.liggghts
shortFlist== particles_12500.liggghts
number of subprocess:(mark) 9522
reading dump file...
0 snap= 0

1 snapshots selected out of(all) 1
assigned columns: id type x y z vx vy vz fx fy fz radius mass 
dump is already unscaled
self.flist= ['particles_0.liggghts', 'particles_1000.liggghts', 'particles_10000.liggghts', 'particles_10500.liggghts', 'particles_11000.liggghts', 'particles_11500.liggghts', 'particles_12000.liggghts', 'particles_12500.liggghts']
0 snapshots deleted
1 snapshots remaining

fileNums:  [0] 

0 
wrote 1 granular snapshots in VTK format
shortFlist== particles_13000.liggghts
shortFlist== particles_13500.liggghts
shortFlist== particles_14000.liggghts
shortFlist== particles_14500.liggghts
shortFlist== particles_1500.liggghts
shortFlist== particles_15000.liggghts
shortFlist== particles_15500.liggghts
shortFlist== particles_16000.liggghts
number of subprocess:(mark) 9523
reading dump file...

0 snapshots selected out of(all) 0
no column assignments made
self.flist= ['particles_13000.liggghts', 'particles_13500.liggghts', 'particles_14000.liggghts', 'particles_14500.liggghts', 'particles_1500.liggghts', 'particles_15000.liggghts', 'particles_15500.liggghts', 'particles_16000.liggghts']
0 snapshots deleted
0 snapshots remaining

fileNums:  [] 


wrote 0 granular snapshots in VTK format
shortFlist== particles_16500.liggghts
shortFlist== particles_17000.liggghts
shortFlist== particles_17500.liggghts
shortFlist== particles_18000.liggghts
shortFlist== particles_18500.liggghts
shortFlist== particles_19000.liggghts
shortFlist== particles_19500.liggghts
shortFlist== particles_2000.liggghts
number of subprocess:(mark) 9524
reading dump file...

0 snapshots selected out of(all) 0
no column assignments made
self.flist= ['particles_16500.liggghts', 'particles_17000.liggghts', 'particles_17500.liggghts', 'particles_18000.liggghts', 'particles_18500.liggghts', 'particles_19000.liggghts', 'particles_19500.liggghts', 'particles_2000.liggghts']
0 snapshots deleted
0 snapshots remaining

fileNums:  [] 


wrote 0 granular snapshots in VTK format
shortFlist== particles_20000.liggghts
shortFlist== particles_20500.liggghts
shortFlist== particles_21000.liggghts
shortFlist== particles_21500.liggghts
shortFlist== particles_22000.liggghts
shortFlist== particles_22500.liggghts
shortFlist== particles_23000.liggghts
shortFlist== particles_23500.liggghts
number of subprocess:(mark) 9525
reading dump file...

0 snapshots selected out of(all) 0
no column assignments made
self.flist= ['particles_20000.liggghts', 'particles_20500.liggghts', 'particles_21000.liggghts', 'particles_21500.liggghts', 'particles_22000.liggghts', 'particles_22500.liggghts', 'particles_23000.liggghts', 'particles_23500.liggghts']
0 snapshots deleted
0 snapshots remaining

fileNums:  [] 


wrote 0 granular snapshots in VTK format
shortFlist== particles_27500.liggghts
shortFlist== particles_28000.liggghts
shortFlist== particles_28500.liggghts
shortFlist== particles_29000.liggghts
shortFlist== particles_29500.liggghts
shortFlist== particles_3000.liggghts
shortFlist== particles_30000.liggghts
shortFlist== particles_30500.liggghts
number of subprocess:(mark) 9527
reading dump file...

0 snapshots selected out of(all) 0
no column assignments made
self.flist= ['particles_27500.liggghts', 'particles_28000.liggghts', 'particles_28500.liggghts', 'particles_29000.liggghts', 'particles_29500.liggghts', 'particles_3000.liggghts', 'particles_30000.liggghts', 'particles_30500.liggghts']
0 snapshots deleted
0 snapshots remaining

fileNums:  [] 


wrote 0 granular snapshots in VTK format
shortFlist== particles_24000.liggghts
shortFlist== particles_24500.liggghts
shortFlist== particles_2500.liggghts
shortFlist== particles_25000.liggghts
shortFlist== particles_25500.liggghts
shortFlist== particles_26000.liggghts
shortFlist== particles_26500.liggghts
shortFlist== particles_27000.liggghts
number of subprocess:(mark) 9526
reading dump file...

0 snapshots selected out of(all) 0
no column assignments made
self.flist= ['particles_24000.liggghts', 'particles_24500.liggghts', 'particles_2500.liggghts', 'particles_25000.liggghts', 'particles_25500.liggghts', 'particles_26000.liggghts', 'particles_26500.liggghts', 'particles_27000.liggghts']
0 snapshots deleted
0 snapshots remaining

fileNums:  [] 


wrote 0 granular snapshots in VTK format
shortFlist== particles_31000.liggghts
shortFlist== particles_31500.liggghts
shortFlist== particles_32000.liggghts
shortFlist== particles_32500.liggghts
shortFlist== particles_33000.liggghts
shortFlist== particles_33500.liggghts
shortFlist== particles_34000.liggghts
shortFlist== particles_34500.liggghts
number of subprocess:(mark) 9528
reading dump file...

0 snapshots selected out of(all) 0
no column assignments made
self.flist= ['particles_31000.liggghts', 'particles_31500.liggghts', 'particles_32000.liggghts', 'particles_32500.liggghts', 'particles_33000.liggghts', 'particles_33500.liggghts', 'particles_34000.liggghts', 'particles_34500.liggghts']
0 snapshots deleted
0 snapshots remaining

fileNums:  [] 


wrote 0 granular snapshots in VTK format
shortFlist== particles_3500.liggghts
shortFlist== particles_35000.liggghts
shortFlist== particles_35500.liggghts
shortFlist== particles_36000.liggghts
shortFlist== particles_36500.liggghts
shortFlist== particles_37000.liggghts
shortFlist== particles_37500.liggghts
shortFlist== particles_38000.liggghts
number of subprocess:(mark) 9529
reading dump file...

0 snapshots selected out of(all) 0
no column assignments made
self.flist= ['particles_3500.liggghts', 'particles_35000.liggghts', 'particles_35500.liggghts', 'particles_36000.liggghts', 'particles_36500.liggghts', 'particles_37000.liggghts', 'particles_37500.liggghts', 'particles_38000.liggghts']
0 snapshots deleted
0 snapshots remaining

fileNums:  [] 


wrote 0 granular snapshots in VTK format
calculating chunks 9 - 13 of 13
input of this "map":  [{'filelist': ['particles_38500.liggghts', 'particles_39000.liggghts', 'particles_39500.liggghts', 'particles_4000.liggghts', 'particles_40000.liggghts', 'particles_40500.liggghts', 'particles_41000.liggghts', 'particles_41500.liggghts'], 'debugMode': True, 'output': '', 'overwrite': True, 'timesteps': 'all', 'Nth': 1}, {'filelist': ['particles_42000.liggghts', 'particles_42500.liggghts', 'particles_43000.liggghts', 'particles_43500.liggghts', 'particles_44000.liggghts', 'particles_44500.liggghts', 'particles_4500.liggghts', 'particles_45000.liggghts'], 'debugMode': True, 'output': '', 'overwrite': True, 'timesteps': 'all', 'Nth': 1}, {'filelist': ['particles_45500.liggghts', 'particles_46000.liggghts', 'particles_46500.liggghts', 'particles_47000.liggghts', 'particles_47500.liggghts', 'particles_48000.liggghts', 'particles_48500.liggghts', 'particles_49000.liggghts'], 'debugMode': True, 'output': '', 'overwrite': True, 'timesteps': 'all', 'Nth': 1}, {'filelist': ['particles_49500.liggghts', 'particles_500.liggghts', 'particles_5000.liggghts', 'particles_50000.liggghts', 'particles_5500.liggghts', 'particles_6000.liggghts', 'particles_6500.liggghts', 'particles_7000.liggghts'], 'debugMode': True, 'output': '', 'overwrite': True, 'timesteps': 'all', 'Nth': 1}, {'filelist': ['particles_7500.liggghts', 'particles_8000.liggghts', 'particles_8500.liggghts', 'particles_9000.liggghts', 'particles_9500.liggghts'], 'debugMode': True, 'output': '', 'overwrite': True, 'timesteps': 'all', 'Nth': 1}]
shortFlist== particles_7500.liggghts
shortFlist== particles_8000.liggghts
shortFlist== particles_8500.liggghts
shortFlist== particles_9000.liggghts
shortFlist== particles_9500.liggghts
number of subprocess:(mark) 9537
reading dump file...

0 snapshots selected out of(all) 0
no column assignments made
self.flist= ['particles_7500.liggghts', 'particles_8000.liggghts', 'particles_8500.liggghts', 'particles_9000.liggghts', 'particles_9500.liggghts']
0 snapshots deleted
0 snapshots remaining

fileNums:  [] 


wrote 0 granular snapshots in VTK format
shortFlist== particles_49500.liggghts
shortFlist== particles_500.liggghts
shortFlist== particles_5000.liggghts
shortFlist== particles_50000.liggghts
shortFlist== particles_5500.liggghts
shortFlist== particles_6000.liggghts
shortFlist== particles_6500.liggghts
shortFlist== particles_7000.liggghts
number of subprocess:(mark) 9536
reading dump file...

0 snapshots selected out of(all) 0
no column assignments made
self.flist= ['particles_49500.liggghts', 'particles_500.liggghts', 'particles_5000.liggghts', 'particles_50000.liggghts', 'particles_5500.liggghts', 'particles_6000.liggghts', 'particles_6500.liggghts', 'particles_7000.liggghts']
0 snapshots deleted
0 snapshots remaining

fileNums:  [] 


wrote 0 granular snapshots in VTK format
shortFlist== particles_38500.liggghts
shortFlist== particles_39000.liggghts
shortFlist== particles_39500.liggghts
shortFlist== particles_4000.liggghts
shortFlist== particles_40000.liggghts
shortFlist== particles_40500.liggghts
shortFlist== particles_41000.liggghts
shortFlist== particles_41500.liggghts
number of subprocess:(mark) 9533
reading dump file...

0 snapshots selected out of(all) 0
no column assignments made
self.flist= ['particles_38500.liggghts', 'particles_39000.liggghts', 'particles_39500.liggghts', 'particles_4000.liggghts', 'particles_40000.liggghts', 'particles_40500.liggghts', 'particles_41000.liggghts', 'particles_41500.liggghts']
0 snapshots deleted
0 snapshots remaining

fileNums:  [] 


wrote 0 granular snapshots in VTK format
shortFlist== particles_42000.liggghts
shortFlist== particles_42500.liggghts
shortFlist== particles_43000.liggghts
shortFlist== particles_43500.liggghts
shortFlist== particles_44000.liggghts
shortFlist== particles_44500.liggghts
shortFlist== particles_4500.liggghts
shortFlist== particles_45000.liggghts
number of subprocess:(mark) 9534
reading dump file...

0 snapshots selected out of(all) 0
no column assignments made
self.flist= ['particles_42000.liggghts', 'particles_42500.liggghts', 'particles_43000.liggghts', 'particles_43500.liggghts', 'particles_44000.liggghts', 'particles_44500.liggghts', 'particles_4500.liggghts', 'particles_45000.liggghts']
0 snapshots deleted
0 snapshots remaining

fileNums:  [] 


wrote 0 granular snapshots in VTK format
shortFlist== particles_45500.liggghts
shortFlist== particles_46000.liggghts
shortFlist== particles_46500.liggghts
shortFlist== particles_47000.liggghts
shortFlist== particles_47500.liggghts
shortFlist== particles_48000.liggghts
shortFlist== particles_48500.liggghts
shortFlist== particles_49000.liggghts
number of subprocess:(mark) 9535
reading dump file...

0 snapshots selected out of(all) 0
no column assignments made
self.flist= ['particles_45500.liggghts', 'particles_46000.liggghts', 'particles_46500.liggghts', 'particles_47000.liggghts', 'particles_47500.liggghts', 'particles_48000.liggghts', 'particles_48500.liggghts', 'particles_49000.liggghts']
0 snapshots deleted
0 snapshots remaining

fileNums:  [] 


wrote 0 granular snapshots in VTK format
wrote 101 granular snapshots in VTK format
time needed: 0.43924832344055176 sec
